================================================================================
🛰️ ANTIGRAVITY CORE: PROJECT STATUS LOG (v2026.03.12)
================================================================================

ESTADO GENERAL: [CERTIFICADO PARA PRODUCCIÓN - FASE 3 COMPLETADA]

--------------------------------------------------------------------------------
1. CORE LOGIC & PROCESSING (VALIDADO ✅)
--------------------------------------------------------------------------------
- Engine: Polars Vectorized Engine.
- Capacidad: 50,000 SKUs procesados en < 1 segundo (fragmento Polars).
- Multi-tenancy: Ingestión nativa con inyección de 'tenant_id'.
- Auditoría: Motor matemático e^rt para cálculo de Brecha de Capital.

--------------------------------------------------------------------------------
2. SEGURIDAD & AISLAMIENTO (VALIDADO ✅)
--------------------------------------------------------------------------------
- Auth: OAuth2 con esquema portador (Bearer Token).
- Cifrado: Firma criptográfica JWT con payload de 'tenant_id'.
- Middleware: get_current_tenant blinda todos los endpoints críticos.
- Aislamiento: El sistema prohibe el cruce de datos entre organizaciones.

--------------------------------------------------------------------------------
3. INFRAESTRUCTURA (LISTO ✅)
--------------------------------------------------------------------------------
- Docker: Imagen optimizada con Python 3.12-slim y 'uv'.
- Orquestación: Docker Compose gestiona API, Persistencia y Red.
- Persistencia: Volúmenes configurados para base de datos SQLite.
- Disponibilidad: Healthchecks integrados para monitoreo continuo.

--------------------------------------------------------------------------------
4. ENTREGA DE VALOR (FUNCIONAL ✅)
--------------------------------------------------------------------------------
- Reportes: Motor report_generator.py (FPDF2) genera PDFs financieros de marca.
- Alertas: Webhooks conversacionales con links de descarga protegidos.
- Descarga: Endpoint /download-audit con validación de propiedad del archivo.

--------------------------------------------------------------------------------
5. PENDIENTES & PRÓXIMOS PASOS (FASE 4 🚀)
--------------------------------------------------------------------------------
- [ ] MONETIZACIÓN: Integración con Stripe Billing (D012).
- [ ] DASHBOARD: Interfaz Pro Max en Next.js para visualización de métricas.
- [ ] ANALÍTICA: Histórico de evolución de Health Score por Tenant.

================================================================================
Soberanía Técnica: EL USUARIO ES DUEÑO ABSOLUTO DEL REPOSITORIO Y LOS SECRETOS.
================================================================================
