# LOG: reporter_skill
# Archivo: 20260209_095845_752327_reporter_skill.log
# ROOT_DIR: C:\Users\Lenovo\Antigravity_Home\Proyecto_Antigravity
============================================================

[2026-02-09 09:58:45.752] [INFO] Logger inicializado para: reporter_skill
[2026-02-09 09:58:45.752] [INFO] Ruta de persistencia: C:\Users\Lenovo\Antigravity_Home\Proyecto_Antigravity\executions\20260209_095845_752327_reporter_skill.log
[2026-02-09 09:58:45.965] [INFO] Leyendo archivos de datos desde /data
[2026-02-09 09:58:45.979] [INFO] Archivo cargado: raw_data.json
[2026-02-09 09:58:45.979] [INFO] Archivo cargado: scrape_20260208_192317.json
[2026-02-09 09:58:45.979] [SUCCESS] 2 archivos de datos cargados
[2026-02-09 09:58:46.006] [INFO] Iniciando generación de reporte ejecutivo
[2026-02-09 09:58:46.006] [INFO] Leyendo archivos de datos desde /data
[2026-02-09 09:58:46.006] [INFO] Archivo cargado: raw_data.json
[2026-02-09 09:58:46.007] [INFO] Archivo cargado: scrape_20260208_192317.json
[2026-02-09 09:58:46.007] [SUCCESS] 2 archivos de datos cargados
[2026-02-09 09:58:46.007] [INFO] Leyendo base de conocimiento
[2026-02-09 09:58:46.018] [SUCCESS] Base de conocimiento cargada
[2026-02-09 09:58:46.019] [INFO] 3 insights generados
[2026-02-09 09:58:46.019] [INFO] Generando reporte: REPORTE_EJECUTIVO_20260209.md
[2026-02-09 09:58:46.019] [SUCCESS] Reporte generado exitosamente: REPORTE_EJECUTIVO_20260209.md

============================================================
# Total de entradas: 16
