# LOG: orchestrator_FULL_CYCLE
# Archivo: 20260209_093114_643969_orchestrator_FULL_CYCLE.log
# ROOT_DIR: C:\Users\Lenovo\Antigravity_Home\Proyecto_Antigravity
============================================================

[2026-02-09 09:31:14.643] [INFO] Logger inicializado para: orchestrator_FULL_CYCLE
[2026-02-09 09:31:14.644] [INFO] Ruta de persistencia: C:\Users\Lenovo\Antigravity_Home\Proyecto_Antigravity\executions\20260209_093114_643969_orchestrator_FULL_CYCLE.log
[2026-02-09 09:31:14.644] [INFO] === INICIO DE MISIÓN: FULL_CYCLE ===
[2026-02-09 09:31:14.644] [INFO] URL objetivo: https://www.google.com
[2026-02-09 09:31:14.644] [INFO] Iniciando paso: D010_Cleaner: Mantenimiento del Sistema
[2026-02-09 09:31:14.649] [SUCCESS] Paso completado: D010_Cleaner: Mantenimiento del Sistema
[2026-02-09 09:31:14.650] [INFO] Iniciando paso: D004_Scraper: Extracción de Datos
[2026-02-09 09:31:14.671] [SUCCESS] Paso completado: D004_Scraper: Extracción de Datos
[2026-02-09 09:31:14.672] [INFO] Iniciando paso: D003_Brain: Análisis y Aprendizaje
[2026-02-09 09:31:14.700] [SUCCESS] Paso completado: D003_Brain: Análisis y Aprendizaje
[2026-02-09 09:31:14.701] [INFO] Iniciando paso: D005_Reporter: Generación de Reporte
[2026-02-09 09:31:14.725] [SUCCESS] Paso completado: D005_Reporter: Generación de Reporte
[2026-02-09 09:31:14.726] [SUCCESS] === MISIÓN FULL_CYCLE COMPLETADA ===
[2026-02-09 09:31:14.726] [INFO] Iniciando paso: D007_Comms: Notificación de Éxito
[2026-02-09 09:31:14.727] [SUCCESS] Paso completado: D007_Comms: Notificación de Éxito

============================================================
# Total de entradas: 15
