# LOG: orchestrator_FULL_CYCLE
# Archivo: 20260209_095808_133284_orchestrator_FULL_CYCLE.log
# ROOT_DIR: C:\Users\Lenovo\Antigravity_Home\Proyecto_Antigravity
============================================================

[2026-02-09 09:58:08.133] [INFO] Logger inicializado para: orchestrator_FULL_CYCLE
[2026-02-09 09:58:08.133] [INFO] Ruta de persistencia: C:\Users\Lenovo\Antigravity_Home\Proyecto_Antigravity\executions\20260209_095808_133284_orchestrator_FULL_CYCLE.log
[2026-02-09 09:58:08.134] [INFO] === INICIO DE MISIÓN: FULL_CYCLE ===
[2026-02-09 09:58:08.134] [INFO] URL objetivo: https://www.google.com
[2026-02-09 09:58:08.134] [INFO] Iniciando paso: D010_Cleaner: Mantenimiento del Sistema
[2026-02-09 09:58:08.138] [SUCCESS] Paso completado: D010_Cleaner: Mantenimiento del Sistema
[2026-02-09 09:58:08.140] [INFO] Iniciando paso: D004_Scraper: Extracción de Datos
[2026-02-09 09:58:08.142] [SUCCESS] Paso completado: D004_Scraper: Extracción de Datos
[2026-02-09 09:58:08.142] [INFO] Iniciando paso: D003_Brain: Lectura de Logs
[2026-02-09 09:58:08.167] [SUCCESS] Paso completado: D003_Brain: Lectura de Logs
[2026-02-09 09:58:08.167] [INFO] Iniciando paso: D003_Brain: Análisis de Errores
[2026-02-09 09:58:08.167] [SUCCESS] Paso completado: D003_Brain: Análisis de Errores
[2026-02-09 09:58:08.167] [INFO] Iniciando paso: D003_Brain: Patrones de Éxito
[2026-02-09 09:58:08.168] [SUCCESS] Paso completado: D003_Brain: Patrones de Éxito
[2026-02-09 09:58:08.168] [ERROR] === MISIÓN FULL_CYCLE FALLIDA ===
[2026-02-09 09:58:08.168] [ERROR] Error crítico: name 'read_data_files' is not defined
[2026-02-09 09:58:08.169] [INFO] Ejecutando Brain para aprender del error...
[2026-02-09 09:58:08.176] [SUCCESS] Brain procesó el error para aprendizaje futuro

============================================================
# Total de entradas: 18
