# LOG: orchestrator_FULL_CYCLE
# Archivo: 20260209_095845_929157_orchestrator_FULL_CYCLE.log
# ROOT_DIR: C:\Users\Lenovo\Antigravity_Home\Proyecto_Antigravity
============================================================

[2026-02-09 09:58:45.929] [INFO] Logger inicializado para: orchestrator_FULL_CYCLE
[2026-02-09 09:58:45.929] [INFO] Ruta de persistencia: C:\Users\Lenovo\Antigravity_Home\Proyecto_Antigravity\executions\20260209_095845_929157_orchestrator_FULL_CYCLE.log
[2026-02-09 09:58:45.929] [INFO] === INICIO DE MISIÓN: FULL_CYCLE ===
[2026-02-09 09:58:45.929] [INFO] URL objetivo: https://www.google.com
[2026-02-09 09:58:45.929] [INFO] Iniciando paso: D010_Cleaner: Mantenimiento del Sistema
[2026-02-09 09:58:45.934] [SUCCESS] Paso completado: D010_Cleaner: Mantenimiento del Sistema
[2026-02-09 09:58:45.936] [INFO] Iniciando paso: D004_Scraper: Extracción de Datos
[2026-02-09 09:58:45.938] [SUCCESS] Paso completado: D004_Scraper: Extracción de Datos
[2026-02-09 09:58:45.938] [INFO] Iniciando paso: D003_Brain: Lectura de Logs
[2026-02-09 09:58:45.963] [SUCCESS] Paso completado: D003_Brain: Lectura de Logs
[2026-02-09 09:58:45.964] [INFO] Iniciando paso: D003_Brain: Análisis de Errores
[2026-02-09 09:58:45.964] [SUCCESS] Paso completado: D003_Brain: Análisis de Errores
[2026-02-09 09:58:45.964] [INFO] Iniciando paso: D003_Brain: Patrones de Éxito
[2026-02-09 09:58:45.964] [SUCCESS] Paso completado: D003_Brain: Patrones de Éxito
[2026-02-09 09:58:45.979] [INFO] Iniciando paso: D003_Brain: Detección de Oportunidades
[2026-02-09 09:58:46.004] [SUCCESS] Paso completado: D003_Brain: Detección de Oportunidades
[2026-02-09 09:58:46.004] [INFO] Iniciando paso: D003_Brain: Consolidación
[2026-02-09 09:58:46.004] [SUCCESS] Paso completado: D003_Brain: Consolidación
[2026-02-09 09:58:46.004] [INFO] Iniciando paso: D003_Brain: Actualización KB
[2026-02-09 09:58:46.005] [SUCCESS] Paso completado: D003_Brain: Actualización KB
[2026-02-09 09:58:46.005] [INFO] Iniciando paso: D005_Reporter: Generación de Reporte
[2026-02-09 09:58:46.021] [SUCCESS] Paso completado: D005_Reporter: Generación de Reporte
[2026-02-09 09:58:46.021] [SUCCESS] === MISIÓN FULL_CYCLE COMPLETADA ===
[2026-02-09 09:58:46.022] [INFO] Iniciando paso: D007_Comms: Notificación de Éxito
[2026-02-09 09:58:46.023] [SUCCESS] Paso completado: D007_Comms: Notificación de Éxito

============================================================
# Total de entradas: 25
